<?xml version="1.0" encoding="UTF-8"?>
<!-- Generated by org.testng.reporters.JUnitXMLReporter -->
<testsuite hostname="DESKTOP-5KCDF5F" failures="1" tests="10" name="Car loan" time="0.532" errors="0" timestamp="5 Dec 2020 16:22:31 GMT">
  <testcase classname="mainpac.Day3" name="datapr" time="0.014"/>
  <testcase classname="mainpac.Day3" name="datapr" time="0.002"/>
  <testcase classname="mainpac.Day3" name="datapr" time="0.003"/>
  <testcase classname="mainpac.Day3" name="datapr2" time="0.003"/>
  <testcase classname="mainpac.Day3" name="datapr2" time="0.002"/>
  <testcase classname="mainpac.Day3" name="datapr2" time="0.003"/>
  <testcase classname="mainpac.Day3" name="mobile2" time="0.003"/>
  <testcase classname="mainpac.Day3" name="noginAPI" time="0.42"/>
  <testcase classname="mainpac.Day3" name="webLogin" time="0.009">
    <failure type="java.lang.AssertionError" message="expected [true] but found [false]">
      <![CDATA[java.lang.AssertionError: expected [true] but found [false]
	at mainpac.Day3.webLogin(Day3.java:67)
	at java.base/java.util.concurrent.FutureTask.run(FutureTask.java:264)
	at java.base/java.util.concurrent.ThreadPoolExecutor.runWorker(ThreadPoolExecutor.java:1130)
	at java.base/java.util.concurrent.ThreadPoolExecutor$Worker.run(ThreadPoolExecutor.java:630)
	at java.base/java.lang.Thread.run(Thread.java:832)
... Removed 20 stack frames]]>
    </failure>
  </testcase> <!-- webLogin -->
  <testcase classname="mainpac.Day3" name="mobileLogin" time="0.001">
    <skipped/>
  </testcase> <!-- mobileLogin -->
</testsuite> <!-- Car loan -->
