<?xml version="1.0" encoding="UTF-8"?>
<!-- Generated by org.testng.reporters.JUnitXMLReporter -->
<testsuite hostname="DESKTOP-5KCDF5F" name="Regression" tests="3" failures="0" timestamp="25 Nov 2020 18:58:42 GMT" time="0.026" errors="0">
  <testcase name="ploan" time="0.01" classname="mainpac.Day2"/>
  <testcase name="mobile2" time="0.0" classname="mainpac.Day3">
    <skipped/>
  </testcase> <!-- mobile2 -->
  <testcase name="mobileLoginCar" time="0.001" classname="mainpac.Day4"/>
</testsuite> <!-- Regression -->
