<?xml version="1.0" encoding="UTF-8"?>
<testng-results total="1" passed="1" failed="0" skipped="0">
  <reporter-output>
  </reporter-output>
  <suite started-at="2020-12-05T15:50:06Z" name="Default suite" finished-at="2020-12-05T15:50:24Z" duration-ms="18003">
    <groups>
    </groups>
    <test started-at="2020-12-05T15:50:06Z" name="Default test" finished-at="2020-12-05T15:50:24Z" duration-ms="18003">
      <class name="Testcases.LoginApp">
        <test-method signature="login()[pri:0, instance:Testcases.LoginApp@4b5189ac]" started-at="2020-12-05T18:50:06Z" name="login" finished-at="2020-12-05T18:50:24Z" duration-ms="17972" status="PASS">
          <reporter-output>
          </reporter-output>
        </test-method> <!-- login -->
      </class> <!-- Testcases.LoginApp -->
    </test> <!-- Default test -->
  </suite> <!-- Default suite -->
</testng-results>
