<?xml version="1.0" encoding="UTF-8"?>
<!-- Generated by org.testng.reporters.JUnitXMLReporter -->
<testsuite hostname="DESKTOP-5KCDF5F" failures="0" tests="5" name="Test" time="7.772" errors="0" timestamp="27 Nov 2020 15:02:42 GMT">
  <testcase classname="mavenTestFunctionality.AppiumTest" name="nativeAppAndroid" time="1.815"/>
  <testcase classname="mavenTestFunctionality.RestApiTest" name="deleteTwitter" time="1.425"/>
  <testcase classname="mavenTestFunctionality.RestApiTest" name="postJira" time="1.49"/>
  <testcase classname="mavenTestFunctionality.SeleniumTest" name="browserAutomatisation" time="1.526"/>
  <testcase classname="mavenTestFunctionality.SeleniumTest" name="elementsUI" time="1.486"/>
</testsuite> <!-- Test -->
