<?xml version="1.0" encoding="UTF-8"?>
<testng-results total="2" passed="2" failed="0" skipped="0">
  <reporter-output>
  </reporter-output>
  <suite started-at="2020-11-28T16:51:55Z" name="Default suite" finished-at="2020-11-28T16:51:59Z" duration-ms="3541">
    <groups>
    </groups>
    <test started-at="2020-11-28T16:51:55Z" name="Default test" finished-at="2020-11-28T16:51:59Z" duration-ms="3541">
      <class name="mavenTestFunctionality.AppiumTest">
        <test-method signature="iosApp()[pri:0, instance:mavenTestFunctionality.AppiumTest@52e7a6b2]" started-at="2020-11-28T19:51:55Z" name="iosApp" finished-at="2020-11-28T19:51:57Z" duration-ms="1882" status="PASS">
          <reporter-output>
          </reporter-output>
        </test-method> <!-- iosApp -->
        <test-method signature="nativeAppAndroid()[pri:0, instance:mavenTestFunctionality.AppiumTest@52e7a6b2]" started-at="2020-11-28T19:51:57Z" name="nativeAppAndroid" finished-at="2020-11-28T19:51:59Z" duration-ms="1645" status="PASS">
          <reporter-output>
          </reporter-output>
        </test-method> <!-- nativeAppAndroid -->
      </class> <!-- mavenTestFunctionality.AppiumTest -->
    </test> <!-- Default test -->
  </suite> <!-- Default suite -->
</testng-results>
