<?xml version="1.0" encoding="UTF-8"?>
<testng-results skipped="0" failed="0" total="1" passed="1">
  <reporter-output>
  </reporter-output>
  <suite name="Default suite" duration-ms="18" started-at="2020-11-22T18:44:33Z" finished-at="2020-11-22T18:44:33Z">
    <groups>
    </groups>
    <test name="Default test" duration-ms="18" started-at="2020-11-22T18:44:33Z" finished-at="2020-11-22T18:44:33Z">
      <class name="Day1">
        <test-method status="PASS" signature="Demo()[pri:0, instance:Day1@22635ba0]" name="Demo" duration-ms="9" started-at="2020-11-22T21:44:33Z" finished-at="2020-11-22T21:44:33Z">
          <reporter-output>
          </reporter-output>
        </test-method> <!-- Demo -->
      </class> <!-- Day1 -->
    </test> <!-- Default test -->
  </suite> <!-- Default suite -->
</testng-results>
